<?xml version="1.0" encoding="UTF-8"?>
<!-- Generated by org.testng.reporters.JUnitReportReporter -->
<testsuite hostname="dreamer" failures="0" tests="2" name="MavenTutorial.BrowserTest" time="10.229" errors="0" timestamp="2024-03-14T01:31:19 IST" skipped="0">
  <testcase classname="MavenTutorial.BrowserTest" name="TestOrangeHRMLogin" time="7.153"/>
  <testcase classname="MavenTutorial.BrowserTest" name="TestGoogle" time="3.076"/>
</testsuite> <!-- MavenTutorial.BrowserTest -->
