<?xml version="1.0" encoding="UTF-8"?>
<!-- Generated by org.testng.reporters.JUnitReportReporter -->
<testsuite hostname="dreamer" failures="0" tests="2" name="MavenTutorial.BrowserTest" time="11.619" errors="0" timestamp="2024-03-14T17:39:58 IST" skipped="0">
  <testcase classname="MavenTutorial.BrowserTest" name="TestGoogle" time="3.838"/>
  <testcase classname="MavenTutorial.BrowserTest" name="TestOrangeHRMLogin" time="7.781"/>
</testsuite> <!-- MavenTutorial.BrowserTest -->
